2015-11-01 15:06:00 [1640] ======================================
2015-11-01 15:06:00 [1640] |        log_analysis_server         |
2015-11-01 15:06:00 [1640] ======================================
2015-11-01 15:06:00 [1640] >>>> start trade analysis >>>>>>>>>>>>>>>>>>>>>>>>>>>>>>>
2015-11-01 15:06:00 [1640] >>>>   parameters:
2015-11-01 15:06:00 [1640] >>>>      yyyymmdd = 20151031
2015-11-01 15:06:00 [1640] >>>>      data dir = D:\Data\Android
2015-11-01 15:06:00 [1640] >>>>      platform = android
2015-11-01 15:06:00 [1640] >>>>      from = 2015-10-31 00:00:00
2015-11-01 15:06:00 [1640] >>>>      to = 2015-11-01 00:00:00
2015-11-01 15:06:00 [1640] >>>>      log file name = Analysis.log
2015-11-01 15:06:00 [1640] >>>>      truncate database = true
2015-11-01 15:06:00 [1640] <<<<<<<<<<<<<<<<<<<<<<<<<<<<<<<<<<<<<<<<<<<<<<<<<<<<<<<<<
2015-11-01 15:06:00 [1640] [result] >>>>>>> start analysis account info
2015-11-01 15:06:00 [1640] >>>> analysis start load acct info
2015-11-01 15:06:01 [1640] <<<< analysis load acct info ok!
2015-11-01 15:06:01 [1640] >>>>>>> sort account by trade count desc
2015-11-01 15:06:01 [1640] [result]>>>> 交易分析结果
2015-11-01 15:06:01 [1640] [result]>>>> 大号
2015-11-01 15:06:01 [1640] [result]>>>> 清除原有数据库中的数据
2015-11-01 15:06:01 [1640] [result] >>>>> 交易大号入库 
2015-11-01 15:06:01 [1640] [result] >>>>>>> 交易明细入库
2015-11-01 15:06:01 [1640] [result] <<<<<<<<<<<<<<<<<<<<<<< OVER !!!! <<<<<<<<<<<<<<<<<<<<<<<<<<
2015-11-01 15:06:01 [1640] >>>> start trade analysis >>>>>>>>>>>>>>>>>>>>>>>>>>>>>>>
2015-11-01 15:06:01 [1640] >>>>   parameters:
2015-11-01 15:06:01 [1640] >>>>      yyyymmdd = 20151031
2015-11-01 15:06:01 [1640] >>>>      data dir = D:\Data\App
2015-11-01 15:06:01 [1640] >>>>      platform = app
2015-11-01 15:06:01 [1640] >>>>      from = 2015-10-31 00:00:00
2015-11-01 15:06:01 [1640] >>>>      to = 2015-11-01 00:00:00
2015-11-01 15:06:01 [1640] >>>>      log file name = Analysis.log
2015-11-01 15:06:01 [1640] >>>>      truncate database = false
2015-11-01 15:06:01 [1640] <<<<<<<<<<<<<<<<<<<<<<<<<<<<<<<<<<<<<<<<<<<<<<<<<<<<<<<<<
2015-11-01 15:06:01 [1640] [result] >>>>>>> start analysis account info
2015-11-01 15:06:01 [1640] >>>> analysis start load acct info
2015-11-01 15:06:01 [1640] <<<< analysis load acct info ok!
2015-11-01 15:06:01 [1640] >>>>>>> sort account by trade count desc
2015-11-01 15:06:01 [1640] [result]>>>> 交易分析结果
2015-11-01 15:06:01 [1640] [result]>>>> 大号
2015-11-01 15:06:01 [1640] [result] >>>>> 交易大号入库 
2015-11-01 15:06:01 [1640] [result] >>>>>>> 交易明细入库
2015-11-01 15:06:01 [1640] [result] <<<<<<<<<<<<<<<<<<<<<<< OVER !!!! <<<<<<<<<<<<<<<<<<<<<<<<<<
2015-11-01 15:06:31 [3512] ======================================
2015-11-01 15:06:31 [3512] |        log_analysis_server         |
2015-11-01 15:06:31 [3512] ======================================
2015-11-01 15:06:31 [3512] >>>> start trade analysis >>>>>>>>>>>>>>>>>>>>>>>>>>>>>>>
2015-11-01 15:06:31 [3512] >>>>   parameters:
2015-11-01 15:06:31 [3512] >>>>      yyyymmdd = 20151031
2015-11-01 15:06:31 [3512] >>>>      data dir = D:\Data\Android
2015-11-01 15:06:31 [3512] >>>>      platform = android
2015-11-01 15:06:31 [3512] >>>>      from = 2015-10-31 00:00:00
2015-11-01 15:06:31 [3512] >>>>      to = 2015-11-01 00:00:00
2015-11-01 15:06:31 [3512] >>>>      log file name = Analysis.log
2015-11-01 15:06:31 [3512] >>>>      truncate database = true
2015-11-01 15:06:31 [3512] <<<<<<<<<<<<<<<<<<<<<<<<<<<<<<<<<<<<<<<<<<<<<<<<<<<<<<<<<
2015-11-01 15:06:31 [3512] [result] >>>>>>> start analysis account info
2015-11-01 15:06:31 [3512] >>>> analysis start load acct info
2015-11-01 15:06:32 [3512] <<<< analysis load acct info ok!
2015-11-01 15:06:32 [3512] >>>>>>> sort account by trade count desc
2015-11-01 15:06:32 [3512] [result]>>>> 交易分析结果
2015-11-01 15:06:32 [3512] [result]>>>> 大号
2015-11-01 15:06:32 [3512] [result]>>>> 清除原有数据库中的数据
2015-11-01 15:06:32 [3512] [result] >>>>> 交易大号入库 
2015-11-01 15:06:32 [3512] [result] >>>>>>> 交易明细入库
2015-11-01 15:06:32 [3512] [result] <<<<<<<<<<<<<<<<<<<<<<< OVER !!!! <<<<<<<<<<<<<<<<<<<<<<<<<<
2015-11-01 15:06:32 [3512] >>>> start trade analysis >>>>>>>>>>>>>>>>>>>>>>>>>>>>>>>
2015-11-01 15:06:32 [3512] >>>>   parameters:
2015-11-01 15:06:32 [3512] >>>>      yyyymmdd = 20151031
2015-11-01 15:06:32 [3512] >>>>      data dir = D:\Data\App
2015-11-01 15:06:32 [3512] >>>>      platform = app
2015-11-01 15:06:32 [3512] >>>>      from = 2015-10-31 00:00:00
2015-11-01 15:06:32 [3512] >>>>      to = 2015-11-01 00:00:00
2015-11-01 15:06:32 [3512] >>>>      log file name = Analysis.log
2015-11-01 15:06:32 [3512] >>>>      truncate database = false
2015-11-01 15:06:32 [3512] <<<<<<<<<<<<<<<<<<<<<<<<<<<<<<<<<<<<<<<<<<<<<<<<<<<<<<<<<
2015-11-01 15:06:32 [3512] [result] >>>>>>> start analysis account info
2015-11-01 15:06:32 [3512] >>>> analysis start load acct info
2015-11-01 15:06:32 [3512] <<<< analysis load acct info ok!
2015-11-01 15:06:32 [3512] >>>>>>> sort account by trade count desc
2015-11-01 15:06:32 [3512] [result]>>>> 交易分析结果
2015-11-01 15:06:32 [3512] [result]>>>> 大号
2015-11-01 15:06:32 [3512] [result] >>>>> 交易大号入库 
2015-11-01 15:06:32 [3512] [result] >>>>>>> 交易明细入库
2015-11-01 15:06:32 [3512] [result] <<<<<<<<<<<<<<<<<<<<<<< OVER !!!! <<<<<<<<<<<<<<<<<<<<<<<<<<
2015-11-01 15:06:57 [4248] ======================================
2015-11-01 15:06:57 [4248] |        log_analysis_server         |
2015-11-01 15:06:57 [4248] ======================================
2015-11-01 15:06:57 [4248] >>>> start trade analysis >>>>>>>>>>>>>>>>>>>>>>>>>>>>>>>
2015-11-01 15:06:57 [4248] >>>>   parameters:
2015-11-01 15:06:57 [4248] >>>>      yyyymmdd = 20151031
2015-11-01 15:06:57 [4248] >>>>      data dir = D:\Data\Android
2015-11-01 15:06:57 [4248] >>>>      platform = android
2015-11-01 15:06:57 [4248] >>>>      from = 2015-10-31 00:00:00
2015-11-01 15:06:57 [4248] >>>>      to = 2015-11-01 00:00:00
2015-11-01 15:06:57 [4248] >>>>      log file name = Analysis.log
2015-11-01 15:06:57 [4248] >>>>      truncate database = true
2015-11-01 15:06:57 [4248] <<<<<<<<<<<<<<<<<<<<<<<<<<<<<<<<<<<<<<<<<<<<<<<<<<<<<<<<<
2015-11-01 15:06:57 [4248] [result] >>>>>>> start analysis account info
2015-11-01 15:06:57 [4248] >>>> analysis start load acct info
2015-11-01 15:06:57 [4248] <<<< analysis load acct info ok!
2015-11-01 15:06:57 [4248] >>>>>>> sort account by trade count desc
2015-11-01 15:06:57 [4248] [result]>>>> 交易分析结果
2015-11-01 15:06:57 [4248] [result]>>>> 大号
2015-11-01 15:06:57 [4248] [result]>>>> 清除原有数据库中的数据
2015-11-01 15:06:57 [4248] [result] >>>>> 交易大号入库 
2015-11-01 15:06:57 [4248] [result] >>>>>>> 交易明细入库
2015-11-01 15:06:57 [4248] [result] <<<<<<<<<<<<<<<<<<<<<<< OVER !!!! <<<<<<<<<<<<<<<<<<<<<<<<<<
2015-11-01 15:06:57 [4248] >>>> start trade analysis >>>>>>>>>>>>>>>>>>>>>>>>>>>>>>>
2015-11-01 15:06:57 [4248] >>>>   parameters:
2015-11-01 15:06:57 [4248] >>>>      yyyymmdd = 20151031
2015-11-01 15:06:57 [4248] >>>>      data dir = D:\Data\App
2015-11-01 15:06:57 [4248] >>>>      platform = app
2015-11-01 15:06:57 [4248] >>>>      from = 2015-10-31 00:00:00
2015-11-01 15:06:57 [4248] >>>>      to = 2015-11-01 00:00:00
2015-11-01 15:06:57 [4248] >>>>      log file name = Analysis.log
2015-11-01 15:06:57 [4248] >>>>      truncate database = false
2015-11-01 15:06:57 [4248] <<<<<<<<<<<<<<<<<<<<<<<<<<<<<<<<<<<<<<<<<<<<<<<<<<<<<<<<<
2015-11-01 15:06:57 [4248] [result] >>>>>>> start analysis account info
2015-11-01 15:06:57 [4248] >>>> analysis start load acct info
2015-11-01 15:06:57 [4248] <<<< analysis load acct info ok!
2015-11-01 15:06:57 [4248] >>>>>>> sort account by trade count desc
2015-11-01 15:06:57 [4248] [result]>>>> 交易分析结果
2015-11-01 15:06:57 [4248] [result]>>>> 大号
2015-11-01 15:06:57 [4248] [result] >>>>> 交易大号入库 
2015-11-01 15:06:57 [4248] [result] >>>>>>> 交易明细入库
2015-11-01 15:06:57 [4248] [result] <<<<<<<<<<<<<<<<<<<<<<< OVER !!!! <<<<<<<<<<<<<<<<<<<<<<<<<<
2015-11-01 15:11:03 [2068] ======================================
2015-11-01 15:11:03 [2068] |        log_analysis_server         |
2015-11-01 15:11:03 [2068] ======================================
2015-11-01 15:11:03 [2068] >>>> start trade analysis >>>>>>>>>>>>>>>>>>>>>>>>>>>>>>>
2015-11-01 15:11:03 [2068] >>>>   parameters:
2015-11-01 15:11:03 [2068] >>>>      yyyymmdd = 20151031
2015-11-01 15:11:03 [2068] >>>>      data dir = D:\Data\Android
2015-11-01 15:11:03 [2068] >>>>      platform = android
2015-11-01 15:11:03 [2068] >>>>      from = 2015-10-31 00:00:00
2015-11-01 15:11:03 [2068] >>>>      to = 2015-11-01 00:00:00
2015-11-01 15:11:03 [2068] >>>>      log file name = Analysis.log
2015-11-01 15:11:03 [2068] >>>>      truncate database = true
2015-11-01 15:11:03 [2068] <<<<<<<<<<<<<<<<<<<<<<<<<<<<<<<<<<<<<<<<<<<<<<<<<<<<<<<<<
2015-11-01 15:11:03 [2068] [result] >>>>>>> start analysis account info
2015-11-01 15:11:03 [2068] >>>> analysis start load acct info
2015-11-01 15:11:03 [2068] <<<< analysis load acct info ok!
2015-11-01 15:11:03 [2068] >>>>>>> sort account by trade count desc
2015-11-01 15:11:03 [2068] [result]>>>> 交易分析结果
2015-11-01 15:11:03 [2068] [result]>>>> 大号
2015-11-01 15:11:03 [2068] [result]>>>> 清除原有数据库中的数据
2015-11-01 15:11:03 [2068] [result] >>>>> 交易大号入库 
2015-11-01 15:11:03 [2068] [result] >>>>>>> 交易明细入库
2015-11-01 15:11:03 [2068] [result] <<<<<<<<<<<<<<<<<<<<<<< OVER !!!! <<<<<<<<<<<<<<<<<<<<<<<<<<
2015-11-01 15:11:03 [2068] >>>> start trade analysis >>>>>>>>>>>>>>>>>>>>>>>>>>>>>>>
2015-11-01 15:11:03 [2068] >>>>   parameters:
2015-11-01 15:11:03 [2068] >>>>      yyyymmdd = 20151031
2015-11-01 15:11:03 [2068] >>>>      data dir = D:\Data\App
2015-11-01 15:11:03 [2068] >>>>      platform = app
2015-11-01 15:11:03 [2068] >>>>      from = 2015-10-31 00:00:00
2015-11-01 15:11:03 [2068] >>>>      to = 2015-11-01 00:00:00
2015-11-01 15:11:03 [2068] >>>>      log file name = Analysis.log
2015-11-01 15:11:03 [2068] >>>>      truncate database = false
2015-11-01 15:11:03 [2068] <<<<<<<<<<<<<<<<<<<<<<<<<<<<<<<<<<<<<<<<<<<<<<<<<<<<<<<<<
2015-11-01 15:11:03 [2068] [result] >>>>>>> start analysis account info
2015-11-01 15:11:03 [2068] >>>> analysis start load acct info
2015-11-01 15:11:04 [2068] <<<< analysis load acct info ok!
2015-11-01 15:11:04 [2068] >>>>>>> sort account by trade count desc
2015-11-01 15:11:04 [2068] [result]>>>> 交易分析结果
2015-11-01 15:11:04 [2068] [result]>>>> 大号
2015-11-01 15:11:04 [2068] [result] >>>>> 交易大号入库 
2015-11-01 15:11:04 [2068] [result] >>>>>>> 交易明细入库
2015-11-01 15:11:04 [2068] [result] <<<<<<<<<<<<<<<<<<<<<<< OVER !!!! <<<<<<<<<<<<<<<<<<<<<<<<<<
2015-11-01 15:11:05 [5012] ======================================
2015-11-01 15:11:05 [5012] |        log_analysis_server         |
2015-11-01 15:11:05 [5012] ======================================
2015-11-01 15:11:05 [5012] >>>> start trade analysis >>>>>>>>>>>>>>>>>>>>>>>>>>>>>>>
2015-11-01 15:11:05 [5012] >>>>   parameters:
2015-11-01 15:11:05 [5012] >>>>      yyyymmdd = 20151031
2015-11-01 15:11:05 [5012] >>>>      data dir = D:\Data\Android
2015-11-01 15:11:05 [5012] >>>>      platform = android
2015-11-01 15:11:05 [5012] >>>>      from = 2015-10-31 00:00:00
2015-11-01 15:11:05 [5012] >>>>      to = 2015-11-01 00:00:00
2015-11-01 15:11:05 [5012] >>>>      log file name = Analysis.log
2015-11-01 15:11:05 [5012] >>>>      truncate database = true
2015-11-01 15:11:05 [5012] <<<<<<<<<<<<<<<<<<<<<<<<<<<<<<<<<<<<<<<<<<<<<<<<<<<<<<<<<
2015-11-01 15:11:05 [5012] [result] >>>>>>> start analysis account info
2015-11-01 15:11:05 [5012] >>>> analysis start load acct info
2015-11-01 15:11:06 [5012] <<<< analysis load acct info ok!
2015-11-01 15:11:06 [5012] >>>>>>> sort account by trade count desc
2015-11-01 15:11:06 [5012] [result]>>>> 交易分析结果
2015-11-01 15:11:06 [5012] [result]>>>> 大号
2015-11-01 15:11:06 [5012] [result]>>>> 清除原有数据库中的数据
2015-11-01 15:11:06 [5012] [result] >>>>> 交易大号入库 
2015-11-01 15:11:06 [5012] [result] >>>>>>> 交易明细入库
2015-11-01 15:11:06 [5012] [result] <<<<<<<<<<<<<<<<<<<<<<< OVER !!!! <<<<<<<<<<<<<<<<<<<<<<<<<<
2015-11-01 15:11:06 [5012] >>>> start trade analysis >>>>>>>>>>>>>>>>>>>>>>>>>>>>>>>
2015-11-01 15:11:06 [5012] >>>>   parameters:
2015-11-01 15:11:06 [5012] >>>>      yyyymmdd = 20151031
2015-11-01 15:11:06 [5012] >>>>      data dir = D:\Data\App
2015-11-01 15:11:06 [5012] >>>>      platform = app
2015-11-01 15:11:06 [5012] >>>>      from = 2015-10-31 00:00:00
2015-11-01 15:11:06 [5012] >>>>      to = 2015-11-01 00:00:00
2015-11-01 15:11:06 [5012] >>>>      log file name = Analysis.log
2015-11-01 15:11:06 [5012] >>>>      truncate database = false
2015-11-01 15:11:06 [5012] <<<<<<<<<<<<<<<<<<<<<<<<<<<<<<<<<<<<<<<<<<<<<<<<<<<<<<<<<
2015-11-01 15:11:06 [5012] [result] >>>>>>> start analysis account info
2015-11-01 15:11:06 [5012] >>>> analysis start load acct info
2015-11-01 15:11:06 [5012] <<<< analysis load acct info ok!
2015-11-01 15:11:06 [5012] >>>>>>> sort account by trade count desc
2015-11-01 15:11:06 [5012] [result]>>>> 交易分析结果
2015-11-01 15:11:06 [5012] [result]>>>> 大号
2015-11-01 15:11:06 [5012] [result] >>>>> 交易大号入库 
2015-11-01 15:11:06 [5012] [result] >>>>>>> 交易明细入库
2015-11-01 15:11:06 [5012] [result] <<<<<<<<<<<<<<<<<<<<<<< OVER !!!! <<<<<<<<<<<<<<<<<<<<<<<<<<
2015-11-01 15:11:09 [2080] ======================================
2015-11-01 15:11:09 [2080] |        log_analysis_server         |
2015-11-01 15:11:09 [2080] ======================================
2015-11-01 15:11:11 [1644] ======================================
2015-11-01 15:11:11 [1644] |        log_analysis_server         |
2015-11-01 15:11:11 [1644] ======================================
2015-11-01 15:11:11 [1644] >>>> start trade analysis >>>>>>>>>>>>>>>>>>>>>>>>>>>>>>>
2015-11-01 15:11:11 [1644] >>>>   parameters:
2015-11-01 15:11:11 [1644] >>>>      yyyymmdd = 20151031
2015-11-01 15:11:11 [1644] >>>>      data dir = D:\Data\Android
2015-11-01 15:11:11 [1644] >>>>      platform = android
2015-11-01 15:11:11 [1644] >>>>      from = 2015-10-31 00:00:00
2015-11-01 15:11:11 [1644] >>>>      to = 2015-11-01 00:00:00
2015-11-01 15:11:11 [1644] >>>>      log file name = Analysis.log
2015-11-01 15:11:11 [1644] >>>>      truncate database = true
2015-11-01 15:11:11 [1644] <<<<<<<<<<<<<<<<<<<<<<<<<<<<<<<<<<<<<<<<<<<<<<<<<<<<<<<<<
2015-11-01 15:11:11 [1644] [result] >>>>>>> start analysis account info
2015-11-01 15:11:11 [1644] >>>> analysis start load acct info
2015-11-01 15:11:11 [1644] <<<< analysis load acct info ok!
2015-11-01 15:11:11 [1644] >>>>>>> sort account by trade count desc
2015-11-01 15:11:11 [1644] [result]>>>> 交易分析结果
2015-11-01 15:11:11 [1644] [result]>>>> 大号
2015-11-01 15:11:11 [1644] [result]>>>> 清除原有数据库中的数据
2015-11-01 15:11:11 [1644] [result] >>>>> 交易大号入库 
2015-11-01 15:11:11 [1644] [result] >>>>>>> 交易明细入库
2015-11-01 15:11:11 [1644] [result] <<<<<<<<<<<<<<<<<<<<<<< OVER !!!! <<<<<<<<<<<<<<<<<<<<<<<<<<
2015-11-01 15:11:11 [1644] >>>> start trade analysis >>>>>>>>>>>>>>>>>>>>>>>>>>>>>>>
2015-11-01 15:11:11 [1644] >>>>   parameters:
2015-11-01 15:11:11 [1644] >>>>      yyyymmdd = 20151031
2015-11-01 15:11:11 [1644] >>>>      data dir = D:\Data\App
2015-11-01 15:11:11 [1644] >>>>      platform = app
2015-11-01 15:11:11 [1644] >>>>      from = 2015-10-31 00:00:00
2015-11-01 15:11:11 [1644] >>>>      to = 2015-11-01 00:00:00
2015-11-01 15:11:11 [1644] >>>>      log file name = Analysis.log
2015-11-01 15:11:11 [1644] >>>>      truncate database = false
2015-11-01 15:11:11 [1644] <<<<<<<<<<<<<<<<<<<<<<<<<<<<<<<<<<<<<<<<<<<<<<<<<<<<<<<<<
2015-11-01 15:11:11 [1644] [result] >>>>>>> start analysis account info
2015-11-01 15:11:11 [1644] >>>> analysis start load acct info
2015-11-01 15:11:12 [1644] <<<< analysis load acct info ok!
2015-11-01 15:11:12 [1644] >>>>>>> sort account by trade count desc
2015-11-01 15:11:12 [1644] [result]>>>> 交易分析结果
2015-11-01 15:11:12 [1644] [result]>>>> 大号
2015-11-01 15:11:12 [1644] [result] >>>>> 交易大号入库 
2015-11-01 15:11:12 [1644] [result] >>>>>>> 交易明细入库
2015-11-01 15:11:12 [1644] [result] <<<<<<<<<<<<<<<<<<<<<<< OVER !!!! <<<<<<<<<<<<<<<<<<<<<<<<<<
2015-11-01 15:11:13 [4280] ======================================
2015-11-01 15:11:13 [4280] |        log_analysis_server         |
2015-11-01 15:11:13 [4280] ======================================
2015-11-01 15:11:13 [4280] >>>> start trade analysis >>>>>>>>>>>>>>>>>>>>>>>>>>>>>>>
2015-11-01 15:11:13 [4280] >>>>   parameters:
2015-11-01 15:11:13 [4280] >>>>      yyyymmdd = 20151031
2015-11-01 15:11:13 [4280] >>>>      data dir = D:\Data\Android
2015-11-01 15:11:13 [4280] >>>>      platform = android
2015-11-01 15:11:13 [4280] >>>>      from = 2015-10-31 00:00:00
2015-11-01 15:11:13 [4280] >>>>      to = 2015-11-01 00:00:00
2015-11-01 15:11:13 [4280] >>>>      log file name = Analysis.log
2015-11-01 15:11:13 [4280] >>>>      truncate database = true
2015-11-01 15:11:13 [4280] <<<<<<<<<<<<<<<<<<<<<<<<<<<<<<<<<<<<<<<<<<<<<<<<<<<<<<<<<
2015-11-01 15:11:13 [4280] [result] >>>>>>> start analysis account info
2015-11-01 15:11:13 [4280] >>>> analysis start load acct info
2015-11-01 15:11:13 [4280] <<<< analysis load acct info ok!
2015-11-01 15:11:13 [4280] >>>>>>> sort account by trade count desc
2015-11-01 15:11:13 [4280] [result]>>>> 交易分析结果
2015-11-01 15:11:13 [4280] [result]>>>> 大号
2015-11-01 15:11:13 [4280] [result]>>>> 清除原有数据库中的数据
2015-11-01 15:11:13 [4280] [result] >>>>> 交易大号入库 
2015-11-01 15:11:13 [4280] [result] >>>>>>> 交易明细入库
2015-11-01 15:11:13 [4280] [result] <<<<<<<<<<<<<<<<<<<<<<< OVER !!!! <<<<<<<<<<<<<<<<<<<<<<<<<<
2015-11-01 15:11:13 [4280] >>>> start trade analysis >>>>>>>>>>>>>>>>>>>>>>>>>>>>>>>
2015-11-01 15:11:13 [4280] >>>>   parameters:
2015-11-01 15:11:13 [4280] >>>>      yyyymmdd = 20151031
2015-11-01 15:11:13 [4280] >>>>      data dir = D:\Data\App
2015-11-01 15:11:13 [4280] >>>>      platform = app
2015-11-01 15:11:13 [4280] >>>>      from = 2015-10-31 00:00:00
2015-11-01 15:11:13 [4280] >>>>      to = 2015-11-01 00:00:00
2015-11-01 15:11:13 [4280] >>>>      log file name = Analysis.log
2015-11-01 15:11:13 [4280] >>>>      truncate database = false
2015-11-01 15:11:13 [4280] <<<<<<<<<<<<<<<<<<<<<<<<<<<<<<<<<<<<<<<<<<<<<<<<<<<<<<<<<
2015-11-01 15:11:13 [4280] [result] >>>>>>> start analysis account info
2015-11-01 15:11:13 [4280] >>>> analysis start load acct info
2015-11-01 15:11:13 [4280] <<<< analysis load acct info ok!
2015-11-01 15:11:13 [4280] >>>>>>> sort account by trade count desc
2015-11-01 15:11:13 [4280] [result]>>>> 交易分析结果
2015-11-01 15:11:13 [4280] [result]>>>> 大号
2015-11-01 15:11:14 [4280] [result] >>>>> 交易大号入库 
2015-11-01 15:11:14 [4280] [result] >>>>>>> 交易明细入库
2015-11-01 15:11:14 [4280] [result] <<<<<<<<<<<<<<<<<<<<<<< OVER !!!! <<<<<<<<<<<<<<<<<<<<<<<<<<
2015-11-01 15:11:15 [4320] ======================================
2015-11-01 15:11:15 [4320] |        log_analysis_server         |
2015-11-01 15:11:15 [4320] ======================================
2015-11-01 15:11:15 [4320] >>>> start trade analysis >>>>>>>>>>>>>>>>>>>>>>>>>>>>>>>
2015-11-01 15:11:15 [4320] >>>>   parameters:
2015-11-01 15:11:15 [4320] >>>>      yyyymmdd = 20151031
2015-11-01 15:11:15 [4320] >>>>      data dir = D:\Data\Android
2015-11-01 15:11:15 [4320] >>>>      platform = android
2015-11-01 15:11:15 [4320] >>>>      from = 2015-10-31 00:00:00
2015-11-01 15:11:15 [4320] >>>>      to = 2015-11-01 00:00:00
2015-11-01 15:11:15 [4320] >>>>      log file name = Analysis.log
2015-11-01 15:11:15 [4320] >>>>      truncate database = true
2015-11-01 15:11:15 [4320] <<<<<<<<<<<<<<<<<<<<<<<<<<<<<<<<<<<<<<<<<<<<<<<<<<<<<<<<<
2015-11-01 15:11:15 [4320] [result] >>>>>>> start analysis account info
2015-11-01 15:11:15 [4320] >>>> analysis start load acct info
2015-11-01 15:11:15 [4320] <<<< analysis load acct info ok!
2015-11-01 15:11:15 [4320] >>>>>>> sort account by trade count desc
2015-11-01 15:11:15 [4320] [result]>>>> 交易分析结果
2015-11-01 15:11:15 [4320] [result]>>>> 大号
2015-11-01 15:11:15 [4320] [result]>>>> 清除原有数据库中的数据
2015-11-01 15:11:15 [4320] [result] >>>>> 交易大号入库 
2015-11-01 15:11:15 [4320] [result] >>>>>>> 交易明细入库
2015-11-01 15:11:15 [4320] [result] <<<<<<<<<<<<<<<<<<<<<<< OVER !!!! <<<<<<<<<<<<<<<<<<<<<<<<<<
2015-11-01 15:11:15 [4320] >>>> start trade analysis >>>>>>>>>>>>>>>>>>>>>>>>>>>>>>>
2015-11-01 15:11:15 [4320] >>>>   parameters:
2015-11-01 15:11:15 [4320] >>>>      yyyymmdd = 20151031
2015-11-01 15:11:15 [4320] >>>>      data dir = D:\Data\App
2015-11-01 15:11:15 [4320] >>>>      platform = app
2015-11-01 15:11:15 [4320] >>>>      from = 2015-10-31 00:00:00
2015-11-01 15:11:15 [4320] >>>>      to = 2015-11-01 00:00:00
2015-11-01 15:11:15 [4320] >>>>      log file name = Analysis.log
2015-11-01 15:11:15 [4320] >>>>      truncate database = false
2015-11-01 15:11:15 [4320] <<<<<<<<<<<<<<<<<<<<<<<<<<<<<<<<<<<<<<<<<<<<<<<<<<<<<<<<<
2015-11-01 15:11:15 [4320] [result] >>>>>>> start analysis account info
2015-11-01 15:11:15 [4320] >>>> analysis start load acct info
2015-11-01 15:11:15 [4320] <<<< analysis load acct info ok!
2015-11-01 15:11:15 [4320] >>>>>>> sort account by trade count desc
2015-11-01 15:11:15 [4320] [result]>>>> 交易分析结果
2015-11-01 15:11:15 [4320] [result]>>>> 大号
2015-11-01 15:11:15 [4320] [result] >>>>> 交易大号入库 
2015-11-01 15:11:15 [4320] [result] >>>>>>> 交易明细入库
2015-11-01 15:11:15 [4320] [result] <<<<<<<<<<<<<<<<<<<<<<< OVER !!!! <<<<<<<<<<<<<<<<<<<<<<<<<<
2015-11-01 15:11:17 [3760] ======================================
2015-11-01 15:11:17 [3760] |        log_analysis_server         |
2015-11-01 15:11:17 [3760] ======================================
2015-11-01 15:11:17 [3760] >>>> start trade analysis >>>>>>>>>>>>>>>>>>>>>>>>>>>>>>>
2015-11-01 15:11:17 [3760] >>>>   parameters:
2015-11-01 15:11:17 [3760] >>>>      yyyymmdd = 20151031
2015-11-01 15:11:17 [3760] >>>>      data dir = D:\Data\Android
2015-11-01 15:11:17 [3760] >>>>      platform = android
2015-11-01 15:11:17 [3760] >>>>      from = 2015-10-31 00:00:00
2015-11-01 15:11:17 [3760] >>>>      to = 2015-11-01 00:00:00
2015-11-01 15:11:17 [3760] >>>>      log file name = Analysis.log
2015-11-01 15:11:17 [3760] >>>>      truncate database = true
2015-11-01 15:11:17 [3760] <<<<<<<<<<<<<<<<<<<<<<<<<<<<<<<<<<<<<<<<<<<<<<<<<<<<<<<<<
2015-11-01 15:11:17 [3760] [result] >>>>>>> start analysis account info
2015-11-01 15:11:17 [3760] >>>> analysis start load acct info
2015-11-01 15:11:17 [3760] <<<< analysis load acct info ok!
2015-11-01 15:11:17 [3760] >>>>>>> sort account by trade count desc
2015-11-01 15:11:17 [3760] [result]>>>> 交易分析结果
2015-11-01 15:11:17 [3760] [result]>>>> 大号
2015-11-01 15:11:17 [3760] [result]>>>> 清除原有数据库中的数据
2015-11-01 15:11:17 [3760] [result] >>>>> 交易大号入库 
2015-11-01 15:11:17 [3760] [result] >>>>>>> 交易明细入库
2015-11-01 15:11:17 [3760] [result] <<<<<<<<<<<<<<<<<<<<<<< OVER !!!! <<<<<<<<<<<<<<<<<<<<<<<<<<
2015-11-01 15:11:17 [3760] >>>> start trade analysis >>>>>>>>>>>>>>>>>>>>>>>>>>>>>>>
2015-11-01 15:11:17 [3760] >>>>   parameters:
2015-11-01 15:11:17 [3760] >>>>      yyyymmdd = 20151031
2015-11-01 15:11:17 [3760] >>>>      data dir = D:\Data\App
2015-11-01 15:11:17 [3760] >>>>      platform = app
2015-11-01 15:11:17 [3760] >>>>      from = 2015-10-31 00:00:00
2015-11-01 15:11:17 [3760] >>>>      to = 2015-11-01 00:00:00
2015-11-01 15:11:17 [3760] >>>>      log file name = Analysis.log
2015-11-01 15:11:17 [3760] >>>>      truncate database = false
2015-11-01 15:11:17 [3760] <<<<<<<<<<<<<<<<<<<<<<<<<<<<<<<<<<<<<<<<<<<<<<<<<<<<<<<<<
2015-11-01 15:11:17 [3760] [result] >>>>>>> start analysis account info
2015-11-01 15:11:17 [3760] >>>> analysis start load acct info
2015-11-01 15:11:17 [3760] <<<< analysis load acct info ok!
2015-11-01 15:11:17 [3760] >>>>>>> sort account by trade count desc
2015-11-01 15:11:17 [3760] [result]>>>> 交易分析结果
2015-11-01 15:11:17 [3760] [result]>>>> 大号
2015-11-01 15:11:17 [3760] [result] >>>>> 交易大号入库 
2015-11-01 15:11:17 [3760] [result] >>>>>>> 交易明细入库
2015-11-01 15:11:17 [3760] [result] <<<<<<<<<<<<<<<<<<<<<<< OVER !!!! <<<<<<<<<<<<<<<<<<<<<<<<<<
2015-11-01 15:11:41 [3924] ======================================
2015-11-01 15:11:41 [3924] |        log_analysis_server         |
2015-11-01 15:11:41 [3924] ======================================
2015-11-01 15:11:41 [3924] >>>> start trade analysis >>>>>>>>>>>>>>>>>>>>>>>>>>>>>>>
2015-11-01 15:11:41 [3924] >>>>   parameters:
2015-11-01 15:11:41 [3924] >>>>      yyyymmdd = 20151031
2015-11-01 15:11:41 [3924] >>>>      data dir = D:\Data\Android
2015-11-01 15:11:41 [3924] >>>>      platform = android
2015-11-01 15:11:41 [3924] >>>>      from = 2015-10-31 00:00:00
2015-11-01 15:11:41 [3924] >>>>      to = 2015-11-01 00:00:00
2015-11-01 15:11:41 [3924] >>>>      log file name = Analysis.log
2015-11-01 15:11:41 [3924] >>>>      truncate database = true
2015-11-01 15:11:41 [3924] <<<<<<<<<<<<<<<<<<<<<<<<<<<<<<<<<<<<<<<<<<<<<<<<<<<<<<<<<
2015-11-01 15:11:41 [3924] [result] >>>>>>> start analysis account info
2015-11-01 15:11:41 [3924] >>>> analysis start load acct info
2015-11-01 15:11:41 [3924] <<<< analysis load acct info ok!
2015-11-01 15:11:41 [3924] >>>>>>> sort account by trade count desc
2015-11-01 15:11:41 [3924] [result]>>>> 交易分析结果
2015-11-01 15:11:41 [3924] [result]>>>> 大号
2015-11-01 15:11:41 [3924] [result]>>>> 清除原有数据库中的数据
2015-11-01 15:11:41 [3924] [result] >>>>> 交易大号入库 
2015-11-01 15:11:41 [3924] [result] >>>>>>> 交易明细入库
2015-11-01 15:11:41 [3924] [result] <<<<<<<<<<<<<<<<<<<<<<< OVER !!!! <<<<<<<<<<<<<<<<<<<<<<<<<<
2015-11-01 15:11:41 [3924] >>>> start trade analysis >>>>>>>>>>>>>>>>>>>>>>>>>>>>>>>
2015-11-01 15:11:41 [3924] >>>>   parameters:
2015-11-01 15:11:41 [3924] >>>>      yyyymmdd = 20151031
2015-11-01 15:11:41 [3924] >>>>      data dir = D:\Data\App
2015-11-01 15:11:41 [3924] >>>>      platform = app
2015-11-01 15:11:41 [3924] >>>>      from = 2015-10-31 00:00:00
2015-11-01 15:11:41 [3924] >>>>      to = 2015-11-01 00:00:00
2015-11-01 15:11:41 [3924] >>>>      log file name = Analysis.log
2015-11-01 15:11:41 [3924] >>>>      truncate database = false
2015-11-01 15:11:41 [3924] <<<<<<<<<<<<<<<<<<<<<<<<<<<<<<<<<<<<<<<<<<<<<<<<<<<<<<<<<
2015-11-01 15:11:41 [3924] [result] >>>>>>> start analysis account info
2015-11-01 15:11:41 [3924] >>>> analysis start load acct info
2015-11-01 15:11:41 [3924] <<<< analysis load acct info ok!
2015-11-01 15:11:41 [3924] >>>>>>> sort account by trade count desc
2015-11-01 15:11:41 [3924] [result]>>>> 交易分析结果
2015-11-01 15:11:41 [3924] [result]>>>> 大号
2015-11-01 15:11:41 [3924] [result] >>>>> 交易大号入库 
2015-11-01 15:11:41 [3924] [result] >>>>>>> 交易明细入库
2015-11-01 15:11:41 [3924] [result] <<<<<<<<<<<<<<<<<<<<<<< OVER !!!! <<<<<<<<<<<<<<<<<<<<<<<<<<
2015-11-01 15:13:20 [4668] ======================================
2015-11-01 15:13:20 [4668] |        log_analysis_server         |
2015-11-01 15:13:20 [4668] ======================================
2015-11-01 15:13:20 [4668] >>>> start trade analysis >>>>>>>>>>>>>>>>>>>>>>>>>>>>>>>
2015-11-01 15:13:20 [4668] >>>>   parameters:
2015-11-01 15:13:20 [4668] >>>>      yyyymmdd = 20151031
2015-11-01 15:13:20 [4668] >>>>      data dir = D:\Data\Android
2015-11-01 15:13:20 [4668] >>>>      platform = android
2015-11-01 15:13:20 [4668] >>>>      from = 2015-10-31 00:00:00
2015-11-01 15:13:20 [4668] >>>>      to = 2015-11-01 00:00:00
2015-11-01 15:13:20 [4668] >>>>      log file name = Analysis.log
2015-11-01 15:13:20 [4668] >>>>      truncate database = true
2015-11-01 15:13:20 [4668] <<<<<<<<<<<<<<<<<<<<<<<<<<<<<<<<<<<<<<<<<<<<<<<<<<<<<<<<<
2015-11-01 15:13:20 [4668] [result] >>>>>>> start analysis account info
2015-11-01 15:13:20 [4668] >>>> analysis start load acct info
2015-11-01 15:13:20 [4668] <<<< analysis load acct info ok!
2015-11-01 15:13:20 [4668] >>>>>>> sort account by trade count desc
2015-11-01 15:13:20 [4668] [result]>>>> 交易分析结果
2015-11-01 15:13:20 [4668] [result]>>>> 大号
2015-11-01 15:13:20 [4668] [result]>>>> 清除原有数据库中的数据
2015-11-01 15:13:20 [4668] [result] >>>>> 交易大号入库 
2015-11-01 15:13:20 [4668] [result] >>>>>>> 交易明细入库
2015-11-01 15:13:20 [4668] [result] <<<<<<<<<<<<<<<<<<<<<<< OVER !!!! <<<<<<<<<<<<<<<<<<<<<<<<<<
2015-11-01 15:13:20 [4668] >>>> start trade analysis >>>>>>>>>>>>>>>>>>>>>>>>>>>>>>>
2015-11-01 15:13:20 [4668] >>>>   parameters:
2015-11-01 15:13:20 [4668] >>>>      yyyymmdd = 20151031
2015-11-01 15:13:20 [4668] >>>>      data dir = D:\Data\App
2015-11-01 15:13:20 [4668] >>>>      platform = app
2015-11-01 15:13:20 [4668] >>>>      from = 2015-10-31 00:00:00
2015-11-01 15:13:20 [4668] >>>>      to = 2015-11-01 00:00:00
2015-11-01 15:13:20 [4668] >>>>      log file name = Analysis.log
2015-11-01 15:13:20 [4668] >>>>      truncate database = false
2015-11-01 15:13:20 [4668] <<<<<<<<<<<<<<<<<<<<<<<<<<<<<<<<<<<<<<<<<<<<<<<<<<<<<<<<<
2015-11-01 15:13:20 [4668] [result] >>>>>>> start analysis account info
2015-11-01 15:13:20 [4668] >>>> analysis start load acct info
2015-11-01 15:13:20 [4668] <<<< analysis load acct info ok!
2015-11-01 15:13:20 [4668] >>>>>>> sort account by trade count desc
2015-11-01 15:13:20 [4668] [result]>>>> 交易分析结果
2015-11-01 15:13:20 [4668] [result]>>>> 大号
2015-11-01 15:13:20 [4668] [result] >>>>> 交易大号入库 
2015-11-01 15:13:20 [4668] [result] >>>>>>> 交易明细入库
2015-11-01 15:13:20 [4668] [result] <<<<<<<<<<<<<<<<<<<<<<< OVER !!!! <<<<<<<<<<<<<<<<<<<<<<<<<<
2015-11-01 15:13:31 [4168] ======================================
2015-11-01 15:13:31 [4168] |        log_analysis_server         |
2015-11-01 15:13:31 [4168] ======================================
2015-11-01 15:13:31 [4168] >>>> start trade analysis >>>>>>>>>>>>>>>>>>>>>>>>>>>>>>>
2015-11-01 15:13:31 [4168] >>>>   parameters:
2015-11-01 15:13:31 [4168] >>>>      yyyymmdd = 20151031
2015-11-01 15:13:31 [4168] >>>>      data dir = D:\Data\Android
2015-11-01 15:13:31 [4168] >>>>      platform = android
2015-11-01 15:13:31 [4168] >>>>      from = 2015-10-31 00:00:00
2015-11-01 15:13:31 [4168] >>>>      to = 2015-11-01 00:00:00
2015-11-01 15:13:31 [4168] >>>>      log file name = Analysis.log
2015-11-01 15:13:31 [4168] >>>>      truncate database = true
2015-11-01 15:13:31 [4168] <<<<<<<<<<<<<<<<<<<<<<<<<<<<<<<<<<<<<<<<<<<<<<<<<<<<<<<<<
2015-11-01 15:13:31 [4168] [result] >>>>>>> start analysis account info
2015-11-01 15:13:31 [4168] >>>> analysis start load acct info
2015-11-01 15:13:31 [4168] <<<< analysis load acct info ok!
2015-11-01 15:13:31 [4168] >>>>>>> sort account by trade count desc
2015-11-01 15:13:31 [4168] [result]>>>> 交易分析结果
2015-11-01 15:13:31 [4168] [result]>>>> 大号
2015-11-01 15:13:31 [4168] [result]>>>> 清除原有数据库中的数据
2015-11-01 15:13:31 [4168] [result] >>>>> 交易大号入库 
2015-11-01 15:13:31 [4168] [result] >>>>>>> 交易明细入库
2015-11-01 15:13:31 [4168] [result] <<<<<<<<<<<<<<<<<<<<<<< OVER !!!! <<<<<<<<<<<<<<<<<<<<<<<<<<
2015-11-01 15:13:31 [4168] >>>> start trade analysis >>>>>>>>>>>>>>>>>>>>>>>>>>>>>>>
2015-11-01 15:13:31 [4168] >>>>   parameters:
2015-11-01 15:13:31 [4168] >>>>      yyyymmdd = 20151031
2015-11-01 15:13:31 [4168] >>>>      data dir = D:\Data\App
2015-11-01 15:13:31 [4168] >>>>      platform = app
2015-11-01 15:13:31 [4168] >>>>      from = 2015-10-31 00:00:00
2015-11-01 15:13:31 [4168] >>>>      to = 2015-11-01 00:00:00
2015-11-01 15:13:31 [4168] >>>>      log file name = Analysis.log
2015-11-01 15:13:31 [4168] >>>>      truncate database = false
2015-11-01 15:13:31 [4168] <<<<<<<<<<<<<<<<<<<<<<<<<<<<<<<<<<<<<<<<<<<<<<<<<<<<<<<<<
2015-11-01 15:13:31 [4168] [result] >>>>>>> start analysis account info
2015-11-01 15:13:31 [4168] >>>> analysis start load acct info
2015-11-01 15:13:32 [4168] <<<< analysis load acct info ok!
2015-11-01 15:13:32 [4168] >>>>>>> sort account by trade count desc
2015-11-01 15:13:32 [4168] [result]>>>> 交易分析结果
2015-11-01 15:13:32 [4168] [result]>>>> 大号
2015-11-01 15:13:32 [4168] [result] >>>>> 交易大号入库 
2015-11-01 15:13:32 [4168] [result] >>>>>>> 交易明细入库
2015-11-01 15:13:32 [4168] [result] <<<<<<<<<<<<<<<<<<<<<<< OVER !!!! <<<<<<<<<<<<<<<<<<<<<<<<<<
2015-11-01 15:13:35 [3712] ======================================
2015-11-01 15:13:35 [3712] |        log_analysis_server         |
2015-11-01 15:13:35 [3712] ======================================
2015-11-01 15:13:35 [3712] >>>> start trade analysis >>>>>>>>>>>>>>>>>>>>>>>>>>>>>>>
2015-11-01 15:13:35 [3712] >>>>   parameters:
2015-11-01 15:13:35 [3712] >>>>      yyyymmdd = 20151031
2015-11-01 15:13:35 [3712] >>>>      data dir = D:\Data\Android
2015-11-01 15:13:35 [3712] >>>>      platform = android
2015-11-01 15:13:35 [3712] >>>>      from = 2015-10-31 00:00:00
2015-11-01 15:13:35 [3712] >>>>      to = 2015-11-01 00:00:00
2015-11-01 15:13:35 [3712] >>>>      log file name = Analysis.log
2015-11-01 15:13:35 [3712] >>>>      truncate database = true
2015-11-01 15:13:35 [3712] <<<<<<<<<<<<<<<<<<<<<<<<<<<<<<<<<<<<<<<<<<<<<<<<<<<<<<<<<
2015-11-01 15:13:35 [3712] [result] >>>>>>> start analysis account info
2015-11-01 15:13:35 [3712] >>>> analysis start load acct info
2015-11-01 15:13:35 [3712] <<<< analysis load acct info ok!
2015-11-01 15:13:35 [3712] >>>>>>> sort account by trade count desc
2015-11-01 15:13:35 [3712] [result]>>>> 交易分析结果
2015-11-01 15:13:35 [3712] [result]>>>> 大号
2015-11-01 15:13:35 [3712] [result]>>>> 清除原有数据库中的数据
2015-11-01 15:13:35 [3712] [result] >>>>> 交易大号入库 
2015-11-01 15:13:35 [3712] [result] >>>>>>> 交易明细入库
2015-11-01 15:13:35 [3712] [result] <<<<<<<<<<<<<<<<<<<<<<< OVER !!!! <<<<<<<<<<<<<<<<<<<<<<<<<<
2015-11-01 15:13:35 [3712] >>>> start trade analysis >>>>>>>>>>>>>>>>>>>>>>>>>>>>>>>
2015-11-01 15:13:35 [3712] >>>>   parameters:
2015-11-01 15:13:35 [3712] >>>>      yyyymmdd = 20151031
2015-11-01 15:13:35 [3712] >>>>      data dir = D:\Data\App
2015-11-01 15:13:35 [3712] >>>>      platform = app
2015-11-01 15:13:35 [3712] >>>>      from = 2015-10-31 00:00:00
2015-11-01 15:13:35 [3712] >>>>      to = 2015-11-01 00:00:00
2015-11-01 15:13:35 [3712] >>>>      log file name = Analysis.log
2015-11-01 15:13:35 [3712] >>>>      truncate database = false
2015-11-01 15:13:35 [3712] <<<<<<<<<<<<<<<<<<<<<<<<<<<<<<<<<<<<<<<<<<<<<<<<<<<<<<<<<
2015-11-01 15:13:35 [3712] [result] >>>>>>> start analysis account info
2015-11-01 15:13:35 [3712] >>>> analysis start load acct info
2015-11-01 15:13:35 [3712] <<<< analysis load acct info ok!
2015-11-01 15:13:35 [3712] >>>>>>> sort account by trade count desc
2015-11-01 15:13:35 [3712] [result]>>>> 交易分析结果
2015-11-01 15:13:35 [3712] [result]>>>> 大号
2015-11-01 15:13:35 [3712] [result] >>>>> 交易大号入库 
2015-11-01 15:13:35 [3712] [result] >>>>>>> 交易明细入库
2015-11-01 15:13:35 [3712] [result] <<<<<<<<<<<<<<<<<<<<<<< OVER !!!! <<<<<<<<<<<<<<<<<<<<<<<<<<
2015-11-01 15:14:01 [4636] ======================================
2015-11-01 15:14:01 [4636] |        log_analysis_server         |
2015-11-01 15:14:01 [4636] ======================================
2015-11-01 15:14:01 [4636] >>>> start trade analysis >>>>>>>>>>>>>>>>>>>>>>>>>>>>>>>
2015-11-01 15:14:01 [4636] >>>>   parameters:
2015-11-01 15:14:01 [4636] >>>>      yyyymmdd = 20151031
2015-11-01 15:14:01 [4636] >>>>      data dir = D:\Data\Android
2015-11-01 15:14:01 [4636] >>>>      platform = android
2015-11-01 15:14:01 [4636] >>>>      from = 2015-10-31 00:00:00
2015-11-01 15:14:01 [4636] >>>>      to = 2015-11-01 00:00:00
2015-11-01 15:14:01 [4636] >>>>      log file name = Analysis.log
2015-11-01 15:14:01 [4636] >>>>      truncate database = true
2015-11-01 15:14:01 [4636] <<<<<<<<<<<<<<<<<<<<<<<<<<<<<<<<<<<<<<<<<<<<<<<<<<<<<<<<<
2015-11-01 15:14:01 [4636] [result] >>>>>>> start analysis account info
2015-11-01 15:14:01 [4636] >>>> analysis start load acct info
2015-11-01 15:14:01 [4636] <<<< analysis load acct info ok!
2015-11-01 15:14:01 [4636] >>>>>>> sort account by trade count desc
2015-11-01 15:14:01 [4636] [result]>>>> 交易分析结果
2015-11-01 15:14:01 [4636] [result]>>>> 大号
2015-11-01 15:14:01 [4636] [result]>>>> 清除原有数据库中的数据
2015-11-01 15:14:01 [4636] [result] >>>>> 交易大号入库 
2015-11-01 15:14:01 [4636] [result] >>>>>>> 交易明细入库
2015-11-01 15:14:01 [4636] [result] <<<<<<<<<<<<<<<<<<<<<<< OVER !!!! <<<<<<<<<<<<<<<<<<<<<<<<<<
2015-11-01 15:14:01 [4636] >>>> start trade analysis >>>>>>>>>>>>>>>>>>>>>>>>>>>>>>>
2015-11-01 15:14:01 [4636] >>>>   parameters:
2015-11-01 15:14:01 [4636] >>>>      yyyymmdd = 20151031
2015-11-01 15:14:01 [4636] >>>>      data dir = D:\Data\App
2015-11-01 15:14:01 [4636] >>>>      platform = app
2015-11-01 15:14:01 [4636] >>>>      from = 2015-10-31 00:00:00
2015-11-01 15:14:01 [4636] >>>>      to = 2015-11-01 00:00:00
2015-11-01 15:14:01 [4636] >>>>      log file name = Analysis.log
2015-11-01 15:14:01 [4636] >>>>      truncate database = false
2015-11-01 15:14:01 [4636] <<<<<<<<<<<<<<<<<<<<<<<<<<<<<<<<<<<<<<<<<<<<<<<<<<<<<<<<<
2015-11-01 15:14:01 [4636] [result] >>>>>>> start analysis account info
2015-11-01 15:14:01 [4636] >>>> analysis start load acct info
2015-11-01 15:14:01 [4636] <<<< analysis load acct info ok!
2015-11-01 15:14:01 [4636] >>>>>>> sort account by trade count desc
2015-11-01 15:14:01 [4636] [result]>>>> 交易分析结果
2015-11-01 15:14:01 [4636] [result]>>>> 大号
2015-11-01 15:14:01 [4636] [result] >>>>> 交易大号入库 
2015-11-01 15:14:01 [4636] [result] >>>>>>> 交易明细入库
2015-11-01 15:14:01 [4636] [result] <<<<<<<<<<<<<<<<<<<<<<< OVER !!!! <<<<<<<<<<<<<<<<<<<<<<<<<<
2015-11-01 15:14:06 [744] ======================================
2015-11-01 15:14:06 [744] |        log_analysis_server         |
2015-11-01 15:14:06 [744] ======================================
2015-11-01 15:14:10 [4184] ======================================
2015-11-01 15:14:10 [4184] |        log_analysis_server         |
2015-11-01 15:14:10 [4184] ======================================
2015-11-01 15:14:10 [4184] >>>> start trade analysis >>>>>>>>>>>>>>>>>>>>>>>>>>>>>>>
2015-11-01 15:14:10 [4184] >>>>   parameters:
2015-11-01 15:14:10 [4184] >>>>      yyyymmdd = 20151031
2015-11-01 15:14:10 [4184] >>>>      data dir = D:\Data\Android
2015-11-01 15:14:10 [4184] >>>>      platform = android
2015-11-01 15:14:10 [4184] >>>>      from = 2015-10-31 00:00:00
2015-11-01 15:14:10 [4184] >>>>      to = 2015-11-01 00:00:00
2015-11-01 15:14:10 [4184] >>>>      log file name = Analysis.log
2015-11-01 15:14:10 [4184] >>>>      truncate database = true
2015-11-01 15:14:10 [4184] <<<<<<<<<<<<<<<<<<<<<<<<<<<<<<<<<<<<<<<<<<<<<<<<<<<<<<<<<
2015-11-01 15:14:10 [4184] [result] >>>>>>> start analysis account info
2015-11-01 15:14:10 [4184] >>>> analysis start load acct info
2015-11-01 15:14:10 [4184] <<<< analysis load acct info ok!
2015-11-01 15:14:10 [4184] >>>>>>> sort account by trade count desc
2015-11-01 15:14:10 [4184] [result]>>>> 交易分析结果
2015-11-01 15:14:10 [4184] [result]>>>> 大号
2015-11-01 15:14:10 [4184] [result]>>>> 清除原有数据库中的数据
2015-11-01 15:14:10 [4184] [result] >>>>> 交易大号入库 
2015-11-01 15:14:10 [4184] [result] >>>>>>> 交易明细入库
2015-11-01 15:14:10 [4184] [result] <<<<<<<<<<<<<<<<<<<<<<< OVER !!!! <<<<<<<<<<<<<<<<<<<<<<<<<<
2015-11-01 15:14:10 [4184] >>>> start trade analysis >>>>>>>>>>>>>>>>>>>>>>>>>>>>>>>
2015-11-01 15:14:10 [4184] >>>>   parameters:
2015-11-01 15:14:10 [4184] >>>>      yyyymmdd = 20151031
2015-11-01 15:14:10 [4184] >>>>      data dir = D:\Data\App
2015-11-01 15:14:10 [4184] >>>>      platform = app
2015-11-01 15:14:10 [4184] >>>>      from = 2015-10-31 00:00:00
2015-11-01 15:14:10 [4184] >>>>      to = 2015-11-01 00:00:00
2015-11-01 15:14:10 [4184] >>>>      log file name = Analysis.log
2015-11-01 15:14:10 [4184] >>>>      truncate database = false
2015-11-01 15:14:10 [4184] <<<<<<<<<<<<<<<<<<<<<<<<<<<<<<<<<<<<<<<<<<<<<<<<<<<<<<<<<
2015-11-01 15:14:10 [4184] [result] >>>>>>> start analysis account info
2015-11-01 15:14:10 [4184] >>>> analysis start load acct info
2015-11-01 15:14:11 [4184] <<<< analysis load acct info ok!
2015-11-01 15:14:11 [4184] >>>>>>> sort account by trade count desc
2015-11-01 15:14:11 [4184] [result]>>>> 交易分析结果
2015-11-01 15:14:11 [4184] [result]>>>> 大号
2015-11-01 15:14:11 [4184] [result] >>>>> 交易大号入库 
2015-11-01 15:14:11 [4184] [result] >>>>>>> 交易明细入库
2015-11-01 15:14:11 [4184] [result] <<<<<<<<<<<<<<<<<<<<<<< OVER !!!! <<<<<<<<<<<<<<<<<<<<<<<<<<
2015-11-01 15:16:32 [4192] ======================================
2015-11-01 15:16:32 [4192] |        log_analysis_server         |
2015-11-01 15:16:32 [4192] ======================================
2015-11-01 15:16:32 [4192] >>>> start trade analysis >>>>>>>>>>>>>>>>>>>>>>>>>>>>>>>
2015-11-01 15:16:32 [4192] >>>>   parameters:
2015-11-01 15:16:32 [4192] >>>>      yyyymmdd = 20151031
2015-11-01 15:16:32 [4192] >>>>      data dir = D:\Data\Android
2015-11-01 15:16:32 [4192] >>>>      platform = android
2015-11-01 15:16:32 [4192] >>>>      from = 2015-10-31 00:00:00
2015-11-01 15:16:32 [4192] >>>>      to = 2015-11-01 00:00:00
2015-11-01 15:16:32 [4192] >>>>      log file name = Analysis.log
2015-11-01 15:16:32 [4192] >>>>      truncate database = true
2015-11-01 15:16:32 [4192] <<<<<<<<<<<<<<<<<<<<<<<<<<<<<<<<<<<<<<<<<<<<<<<<<<<<<<<<<
2015-11-01 15:16:32 [4192] [result] >>>>>>> start analysis account info
2015-11-01 15:16:32 [4192] >>>> analysis start load acct info
2015-11-01 15:16:32 [4192] <<<< analysis load acct info ok!
2015-11-01 15:16:32 [4192] >>>>>>> sort account by trade count desc
2015-11-01 15:16:32 [4192] [result]>>>> 交易分析结果
2015-11-01 15:16:32 [4192] [result]>>>> 大号
2015-11-01 15:16:32 [4192] [result]>>>> 清除原有数据库中的数据
2015-11-01 15:16:32 [4192] [result] >>>>> 交易大号入库 
2015-11-01 15:16:32 [4192] [result] >>>>>>> 交易明细入库
2015-11-01 15:16:32 [4192] [result] <<<<<<<<<<<<<<<<<<<<<<< OVER !!!! <<<<<<<<<<<<<<<<<<<<<<<<<<
2015-11-01 15:16:32 [4192] >>>> start trade analysis >>>>>>>>>>>>>>>>>>>>>>>>>>>>>>>
2015-11-01 15:16:32 [4192] >>>>   parameters:
2015-11-01 15:16:32 [4192] >>>>      yyyymmdd = 20151031
2015-11-01 15:16:32 [4192] >>>>      data dir = D:\Data\App
2015-11-01 15:16:32 [4192] >>>>      platform = app
2015-11-01 15:16:32 [4192] >>>>      from = 2015-10-31 00:00:00
2015-11-01 15:16:32 [4192] >>>>      to = 2015-11-01 00:00:00
2015-11-01 15:16:32 [4192] >>>>      log file name = Analysis.log
2015-11-01 15:16:32 [4192] >>>>      truncate database = false
2015-11-01 15:16:32 [4192] <<<<<<<<<<<<<<<<<<<<<<<<<<<<<<<<<<<<<<<<<<<<<<<<<<<<<<<<<
2015-11-01 15:16:32 [4192] [result] >>>>>>> start analysis account info
2015-11-01 15:16:32 [4192] >>>> analysis start load acct info
2015-11-01 15:16:33 [4192] <<<< analysis load acct info ok!
2015-11-01 15:16:33 [4192] >>>>>>> sort account by trade count desc
2015-11-01 15:16:33 [4192] [result]>>>> 交易分析结果
2015-11-01 15:16:33 [4192] [result]>>>> 大号
2015-11-01 15:16:33 [4192] [result] >>>>> 交易大号入库 
2015-11-01 15:16:33 [4192] [result] >>>>>>> 交易明细入库
2015-11-01 15:16:33 [4192] [result] <<<<<<<<<<<<<<<<<<<<<<< OVER !!!! <<<<<<<<<<<<<<<<<<<<<<<<<<
2015-11-01 15:17:04 [3144] ======================================
2015-11-01 15:17:04 [3144] |        log_analysis_server         |
2015-11-01 15:17:04 [3144] ======================================
